[2025-07-07T16:49:02.240Z] [31merror[39m: path is not defined path is not defined
[2025-07-07T16:49:02.280Z] [31merror[39m: path is not defined path is not defined
[2025-07-07T16:51:09.472Z] [31merror[39m: path is not defined path is not defined
[2025-07-07T16:51:09.529Z] [31merror[39m: path is not defined path is not defined
[2025-07-07T16:56:51.602Z] [31merror[39m: path is not defined path is not defined
[2025-07-07T16:59:26.081Z] [31merror[39m: path is not defined path is not defined
[2025-07-07T16:59:36.853Z] [31merror[39m: path is not defined path is not defined
[2025-07-07T16:59:36.903Z] [31merror[39m: path is not defined path is not defined
[2025-07-07T17:01:28.701Z] [31merror[39m: path is not defined path is not defined
[2025-07-07T17:01:28.786Z] [31merror[39m: path is not defined path is not defined
[2025-07-07T17:01:34.931Z] [31merror[39m: path is not defined path is not defined
[2025-07-07T17:01:34.986Z] [31merror[39m: path is not defined path is not defined
[2025-07-07T17:01:37.017Z] [31merror[39m: path is not defined path is not defined
[2025-07-07T17:01:37.072Z] [31merror[39m: path is not defined path is not defined
[2025-07-07T17:04:25.961Z] [31merror[39m: path is not defined path is not defined
[2025-07-07T17:04:26.054Z] [31merror[39m: path is not defined path is not defined
[2025-07-07T17:07:04.188Z] [31merror[39m: pick is not defined pick is not defined
[2025-07-07T17:07:04.192Z] [31merror[39m: pick is not defined pick is not defined
[2025-07-08T06:16:21.965Z] [31merror[39m: unhandledRejection: Cannot create property 'Symbol(level)' on string 'Connected to MongoDB'
TypeError: Cannot create property 'Symbol(level)' on string 'Connected to MongoDB'
    at DerivedLogger.log (C:\Users\veerv\Desktop\Pheonix\Me\projects\Forumly-backend\node_modules\winston\lib\winston\logger.js:214:20)
    at file:///C:/Users/veerv/Desktop/Pheonix/Me/projects/Forumly-backend/index.js:15:22
    at process.processTicksAndRejections (node:internal/process/task_queues:105:5)
[2025-07-08T06:16:50.835Z] [32minfo[39m: Loading the server
[2025-07-08T06:16:50.880Z] [31merror[39m: unhandledRejection: Cannot create property 'Symbol(level)' on string 'Connected to MongoDB'
TypeError: Cannot create property 'Symbol(level)' on string 'Connected to MongoDB'
    at DerivedLogger.log (C:\Users\veerv\Desktop\Pheonix\Me\projects\Forumly-backend\node_modules\winston\lib\winston\logger.js:214:20)
    at file:///C:/Users/veerv/Desktop/Pheonix/Me/projects/Forumly-backend/index.js:15:22
    at process.processTicksAndRejections (node:internal/process/task_queues:105:5)
[2025-07-08T06:16:58.090Z] [32minfo[39m: Loading the server
[2025-07-08T06:16:58.130Z] [32minfo[39m: Connected to MongoDB
[2025-07-08T07:40:50.033Z] [32minfo[39m: Loading the server
[2025-07-08T07:40:50.054Z] [32minfo[39m: Connected to MongoDB
[2025-07-09T03:39:51.020Z] [32minfo[39m: Connected to MongoDB
[2025-07-09T03:40:27.955Z] [32minfo[39m: Connected to MongoDB
[2025-07-09T03:40:59.385Z] [32minfo[39m: Loading the server
[2025-07-09T03:40:59.413Z] [32minfo[39m: Connected to MongoDB
[2025-07-09T10:08:41.568Z] [32minfo[39m: Loading the server
[2025-07-09T10:08:41.588Z] [32minfo[39m: Connected to MongoDB
[2025-07-09T10:54:40.419Z] [32minfo[39m: Loading the server
[2025-07-09T10:54:40.450Z] [32minfo[39m: Connected to MongoDB
[2025-07-09T11:06:31.736Z] [32minfo[39m: Loading the server
[2025-07-09T11:07:01.737Z] [31merror[39m: unhandledRejection: connect ECONNREFUSED ::1:27017, connect ECONNREFUSED 127.0.0.1:27017
MongooseServerSelectionError: connect ECONNREFUSED ::1:27017, connect ECONNREFUSED 127.0.0.1:27017
    at _handleConnectionErrors (C:\Users\veerv\Desktop\Pheonix\Me\projects\Forumly-backend\node_modules\mongoose\lib\connection.js:1165:11)
    at NativeConnection.openUri (C:\Users\veerv\Desktop\Pheonix\Me\projects\Forumly-backend\node_modules\mongoose\lib\connection.js:1096:11)
[2025-07-09T11:07:13.894Z] [32minfo[39m: Loading the server
[2025-07-09T11:07:13.923Z] [32minfo[39m: Connected to MongoDB
[2025-07-09T11:35:35.616Z] [32minfo[39m: Loading the server
[2025-07-09T11:35:35.636Z] [32minfo[39m: Connected to MongoDB
[2025-07-09T11:35:39.007Z] [32minfo[39m: Loading the server
[2025-07-09T11:35:39.052Z] [32minfo[39m: Connected to MongoDB
[2025-07-09T11:39:53.752Z] [32minfo[39m: Loading the server
[2025-07-09T11:39:53.784Z] [32minfo[39m: Connected to MongoDB
[2025-07-09T11:40:00.236Z] [32minfo[39m: Loading the server
[2025-07-09T11:40:00.263Z] [32minfo[39m: Connected to MongoDB
[2025-07-09T11:40:24.429Z] [32minfo[39m: Loading the server
[2025-07-09T11:40:24.449Z] [32minfo[39m: Connected to MongoDB
[2025-07-09T12:14:34.681Z] [32minfo[39m: Loading the server
[2025-07-09T12:14:34.711Z] [32minfo[39m: Connected to MongoDB
[2025-07-09T19:37:43.936Z] [32minfo[39m: Loading the server
[2025-07-09T19:37:43.959Z] [32minfo[39m: Connected to MongoDB
[2025-07-09T19:38:40.366Z] [31merror[39m: asc is not defined asc is not defined
[2025-07-09T19:38:45.361Z] [31merror[39m: asc is not defined asc is not defined
[2025-07-09T19:38:45.379Z] [31merror[39m: asc is not defined asc is not defined
[2025-07-09T19:38:55.432Z] [31merror[39m: asc is not defined asc is not defined
[2025-07-09T19:38:55.459Z] [31merror[39m: asc is not defined asc is not defined
[2025-07-09T19:39:29.945Z] [32minfo[39m: Loading the server
[2025-07-09T19:39:29.989Z] [32minfo[39m: Connected to MongoDB
[2025-07-09T19:40:19.508Z] [32minfo[39m: Loading the server
[2025-07-09T19:40:19.532Z] [32minfo[39m: Connected to MongoDB
[2025-07-09T19:43:16.533Z] [32minfo[39m: Loading the server
[2025-07-09T19:43:16.563Z] [32minfo[39m: Connected to MongoDB
[2025-07-09T19:56:11.580Z] [31merror[39m: id is not defined id is not defined
[2025-07-09T19:56:11.639Z] [31merror[39m: id is not defined id is not defined
[2025-07-09T19:58:36.476Z] [32minfo[39m: Loading the server
[2025-07-09T19:58:36.510Z] [32minfo[39m: Connected to MongoDB
[2025-07-09T19:58:37.827Z] [31merror[39m: id is not defined id is not defined
[2025-07-09T20:01:02.230Z] [32minfo[39m: Loading the server
[2025-07-09T20:01:02.267Z] [32minfo[39m: Connected to MongoDB
[2025-07-09T20:01:07.792Z] [31merror[39m: id is not defined id is not defined
[2025-07-09T20:01:07.807Z] [31merror[39m: id is not defined id is not defined
[2025-07-09T20:03:00.575Z] [32minfo[39m: Loading the server
[2025-07-09T20:03:00.616Z] [32minfo[39m: Connected to MongoDB
[2025-07-09T20:03:05.188Z] [32minfo[39m: Loading the server
[2025-07-09T20:03:05.250Z] [32minfo[39m: Connected to MongoDB
[2025-07-09T20:03:13.722Z] [32minfo[39m: Loading the server
[2025-07-09T20:03:13.790Z] [32minfo[39m: Connected to MongoDB
[2025-07-09T20:04:52.178Z] [31merror[39m: id is not defined id is not defined
[2025-07-09T20:05:39.854Z] [31merror[39m: id is not defined id is not defined
[2025-07-09T20:05:45.239Z] [31merror[39m: id is not defined id is not defined
[2025-07-09T20:05:45.292Z] [31merror[39m: id is not defined id is not defined
[2025-07-09T20:06:03.162Z] [32minfo[39m: Loading the server
[2025-07-09T20:06:03.194Z] [32minfo[39m: Connected to MongoDB
[2025-07-09T20:06:03.266Z] [31merror[39m: id is not defined id is not defined
[2025-07-09T20:06:17.061Z] [32minfo[39m: Loading the server
[2025-07-09T20:06:17.100Z] [32minfo[39m: Connected to MongoDB
[2025-07-09T20:06:26.286Z] [32minfo[39m: Loading the server
[2025-07-09T20:06:26.323Z] [32minfo[39m: Connected to MongoDB
[2025-07-09T20:06:27.116Z] [31merror[39m: id is not defined id is not defined
[2025-07-09T20:07:25.340Z] [31merror[39m: id is not defined id is not defined
[2025-07-09T20:08:11.931Z] [31merror[39m: id is not defined id is not defined
[2025-07-09T20:08:20.510Z] [31merror[39m: id is not defined id is not defined
[2025-07-09T20:08:20.586Z] [31merror[39m: id is not defined id is not defined
[2025-07-09T20:09:47.372Z] [31merror[39m: id is not defined id is not defined
[2025-07-09T20:10:24.601Z] [31merror[39m: id is not defined id is not defined
[2025-07-09T20:11:20.062Z] [32minfo[39m: Loading the server
[2025-07-09T20:11:20.095Z] [32minfo[39m: Connected to MongoDB
[2025-07-09T20:11:20.246Z] [31merror[39m: id is not defined id is not defined
[2025-07-09T20:11:21.669Z] [31merror[39m: id is not defined id is not defined
[2025-07-09T20:11:59.574Z] [32minfo[39m: Loading the server
[2025-07-09T20:11:59.602Z] [32minfo[39m: Connected to MongoDB
[2025-07-09T20:14:00.537Z] [32minfo[39m: Loading the server
[2025-07-09T20:14:00.581Z] [32minfo[39m: Connected to MongoDB
[2025-07-09T20:14:29.877Z] [31merror[39m: id is not defined id is not defined
[2025-07-09T20:14:52.748Z] [32minfo[39m: Loading the server
[2025-07-09T20:14:52.811Z] [32minfo[39m: Connected to MongoDB
[2025-07-09T20:15:04.272Z] [32minfo[39m: Loading the server
[2025-07-09T20:15:04.329Z] [32minfo[39m: Connected to MongoDB
[2025-07-09T20:24:09.463Z] [32minfo[39m: Loading the server
[2025-07-09T20:24:09.492Z] [32minfo[39m: Connected to MongoDB
[2025-07-09T20:25:03.468Z] [32minfo[39m: Loading the server
[2025-07-09T20:25:03.520Z] [32minfo[39m: Connected to MongoDB
[2025-07-09T20:27:51.224Z] [32minfo[39m: Loading the server
[2025-07-09T20:27:51.267Z] [32minfo[39m: Connected to MongoDB
[2025-07-09T20:27:53.902Z] [31merror[39m: Cannot set headers after they are sent to the client Cannot set headers after they are sent to the client
[2025-07-09T20:46:29.318Z] [31merror[39m: Discussion validation failed: tags.0.tagId: Path `tagId` is required. Discussion validation failed: tags.0.tagId: Path `tagId` is required.
[2025-07-09T20:46:29.390Z] [31merror[39m: Discussion validation failed: tags.0.tagId: Path `tagId` is required. Discussion validation failed: tags.0.tagId: Path `tagId` is required.
[2025-07-09T20:46:35.491Z] [31merror[39m: Discussion validation failed: tags.0.tagId: Path `tagId` is required. Discussion validation failed: tags.0.tagId: Path `tagId` is required.
[2025-07-09T20:48:35.889Z] [32minfo[39m: Loading the server
[2025-07-09T20:48:35.918Z] [32minfo[39m: Connected to MongoDB
[2025-07-09T20:48:37.257Z] [31merror[39m: Discussion validation failed: tags.0.tagId: Path `tagId` is required. Discussion validation failed: tags.0.tagId: Path `tagId` is required.
[2025-07-09T20:52:11.996Z] [32minfo[39m: Loading the server
[2025-07-09T20:52:12.060Z] [32minfo[39m: Connected to MongoDB
[2025-07-09T20:52:45.186Z] [32minfo[39m: Loading the server
[2025-07-09T20:52:45.209Z] [32minfo[39m: Connected to MongoDB
[2025-07-09T20:53:54.915Z] [32minfo[39m: Loading the server
[2025-07-09T20:53:54.946Z] [32minfo[39m: Connected to MongoDB
[2025-07-09T20:56:50.120Z] [31merror[39m: Cannot set headers after they are sent to the client Cannot set headers after they are sent to the client
[2025-07-09T20:57:47.501Z] [32minfo[39m: Loading the server
[2025-07-09T20:57:47.539Z] [32minfo[39m: Connected to MongoDB
[2025-07-09T20:57:50.174Z] [31merror[39m: Cannot set headers after they are sent to the client Cannot set headers after they are sent to the client
[2025-07-09T20:59:02.242Z] [32minfo[39m: Loading the server
[2025-07-09T20:59:02.277Z] [32minfo[39m: Connected to MongoDB
[2025-07-09T20:59:06.166Z] [31merror[39m: Cannot set headers after they are sent to the client Cannot set headers after they are sent to the client
[2025-07-09T21:01:16.278Z] [31merror[39m: Cannot set headers after they are sent to the client Cannot set headers after they are sent to the client
[2025-07-09T21:01:16.344Z] [31merror[39m: Cannot set headers after they are sent to the client Cannot set headers after they are sent to the client
[2025-07-10T03:57:43.192Z] [31merror[39m: Cannot set headers after they are sent to the client Cannot set headers after they are sent to the client
[2025-07-10T03:57:59.007Z] [32minfo[39m: Loading the server
[2025-07-10T03:57:59.027Z] [32minfo[39m: Connected to MongoDB
[2025-07-10T03:58:29.911Z] [31merror[39m: Cannot set headers after they are sent to the client Cannot set headers after they are sent to the client
[2025-07-10T03:59:12.197Z] [31merror[39m: Cannot set headers after they are sent to the client Cannot set headers after they are sent to the client
[2025-07-10T04:02:21.088Z] [32minfo[39m: Loading the server
[2025-07-10T04:02:21.136Z] [32minfo[39m: Connected to MongoDB
[2025-07-10T04:03:01.174Z] [31merror[39m: E11000 duplicate key error collection: formuly.users index: username_1 dup key: { username: "Virendra" } E11000 duplicate key error collection: formuly.users index: username_1 dup key: { username: "Virendra" }
[2025-07-10T04:05:13.047Z] [32minfo[39m: Loading the server
[2025-07-10T04:05:13.073Z] [32minfo[39m: Connected to MongoDB
[2025-07-10T04:06:54.951Z] [32minfo[39m: Loading the server
[2025-07-10T04:06:54.978Z] [32minfo[39m: Connected to MongoDB
[2025-07-10T05:36:36.566Z] [32minfo[39m: Loading the server
[2025-07-10T05:36:36.616Z] [32minfo[39m: Connected to MongoDB
[2025-07-10T05:41:56.971Z] [32minfo[39m: Loading the server
[2025-07-10T05:41:57.026Z] [32minfo[39m: Connected to MongoDB
[2025-07-10T05:42:10.991Z] [32minfo[39m: Loading the server
[2025-07-10T05:42:11.035Z] [32minfo[39m: Connected to MongoDB
[2025-07-10T07:01:22.592Z] [32minfo[39m: Loading the server
[2025-07-10T07:01:22.618Z] [32minfo[39m: Connected to MongoDB
[2025-07-10T07:52:01.123Z] [32minfo[39m: Loading the server
[2025-07-10T07:52:01.150Z] [32minfo[39m: Connected to MongoDB
[2025-07-10T07:52:47.482Z] [32minfo[39m: Loading the server
[2025-07-10T07:52:47.539Z] [32minfo[39m: Connected to MongoDB
[2025-07-10T07:53:03.822Z] [32minfo[39m: Loading the server
[2025-07-10T07:53:03.877Z] [32minfo[39m: Connected to MongoDB
[2025-07-10T07:53:19.278Z] [32minfo[39m: Loading the server
[2025-07-10T07:53:19.303Z] [32minfo[39m: Connected to MongoDB
[2025-07-10T07:54:21.608Z] [32minfo[39m: Loading the server
[2025-07-10T07:54:21.656Z] [32minfo[39m: Connected to MongoDB
[2025-07-10T07:54:29.440Z] [32minfo[39m: Loading the server
[2025-07-10T07:54:29.471Z] [32minfo[39m: Connected to MongoDB
[2025-07-10T07:55:20.072Z] [32minfo[39m: Loading the server
[2025-07-10T07:55:20.105Z] [32minfo[39m: Connected to MongoDB
[2025-07-10T07:56:10.892Z] [32minfo[39m: Loading the server
[2025-07-10T07:56:10.963Z] [32minfo[39m: Connected to MongoDB
[2025-07-10T07:56:11.859Z] [31merror[39m: user is not defined user is not defined
[2025-07-10T07:56:11.908Z] [31merror[39m: user is not defined user is not defined
[2025-07-10T07:56:37.749Z] [32minfo[39m: Loading the server
[2025-07-10T07:56:37.808Z] [32minfo[39m: Connected to MongoDB
[2025-07-10T07:56:39.150Z] [31merror[39m: user is not defined user is not defined
[2025-07-10T07:58:13.366Z] [32minfo[39m: Loading the server
[2025-07-10T07:58:13.418Z] [32minfo[39m: Connected to MongoDB
[2025-07-10T07:58:14.415Z] [31merror[39m: user is not defined user is not defined
[2025-07-10T07:58:14.452Z] [31merror[39m: user is not defined user is not defined
[2025-07-10T07:58:27.140Z] [32minfo[39m: Loading the server
[2025-07-10T07:58:27.178Z] [32minfo[39m: Connected to MongoDB
[2025-07-10T07:58:27.899Z] [31merror[39m: user is not defined user is not defined
[2025-07-10T07:58:56.483Z] [32minfo[39m: Loading the server
[2025-07-10T07:58:56.505Z] [32minfo[39m: Connected to MongoDB
[2025-07-10T07:59:02.214Z] [32minfo[39m: Loading the server
[2025-07-10T07:59:02.248Z] [32minfo[39m: Connected to MongoDB
[2025-07-10T07:59:04.191Z] [31merror[39m: user is not defined user is not defined
[2025-07-10T08:00:17.403Z] [32minfo[39m: Loading the server
[2025-07-10T08:00:17.428Z] [32minfo[39m: Connected to MongoDB
[2025-07-10T08:00:18.696Z] [31merror[39m: user is not defined user is not defined
[2025-07-10T08:00:36.319Z] [32minfo[39m: Loading the server
[2025-07-10T08:00:36.343Z] [32minfo[39m: Connected to MongoDB
[2025-07-10T08:00:54.330Z] [32minfo[39m: Loading the server
[2025-07-10T08:00:54.358Z] [32minfo[39m: Connected to MongoDB
[2025-07-10T08:01:15.714Z] [32minfo[39m: Loading the server
[2025-07-10T08:01:15.745Z] [32minfo[39m: Connected to MongoDB
[2025-07-10T08:02:11.496Z] [32minfo[39m: Loading the server
[2025-07-10T08:02:11.523Z] [32minfo[39m: Connected to MongoDB
[2025-07-10T08:03:43.039Z] [32minfo[39m: Loading the server
[2025-07-10T08:03:43.071Z] [32minfo[39m: Connected to MongoDB
[2025-07-10T08:03:53.319Z] [32minfo[39m: Loading the server
[2025-07-10T08:03:53.350Z] [32minfo[39m: Connected to MongoDB
[2025-07-10T08:04:36.525Z] [32minfo[39m: Loading the server
[2025-07-10T08:04:36.549Z] [32minfo[39m: Connected to MongoDB
[2025-07-10T08:05:25.230Z] [32minfo[39m: Loading the server
[2025-07-10T08:05:25.265Z] [32minfo[39m: Connected to MongoDB
[2025-07-10T08:08:18.012Z] [32minfo[39m: Loading the server
[2025-07-10T08:08:18.040Z] [32minfo[39m: Connected to MongoDB
[2025-07-10T08:09:16.831Z] [32minfo[39m: Loading the server
[2025-07-10T08:09:16.852Z] [32minfo[39m: Connected to MongoDB
[2025-07-10T08:09:57.297Z] [32minfo[39m: Loading the server
[2025-07-10T08:09:57.323Z] [32minfo[39m: Connected to MongoDB
[2025-07-10T08:10:10.132Z] [32minfo[39m: Loading the server
[2025-07-10T08:10:10.153Z] [32minfo[39m: Connected to MongoDB
[2025-07-10T08:10:53.122Z] [32minfo[39m: Loading the server
[2025-07-10T08:10:53.148Z] [32minfo[39m: Connected to MongoDB
[2025-07-10T08:11:16.510Z] [32minfo[39m: Loading the server
[2025-07-10T08:11:16.544Z] [32minfo[39m: Connected to MongoDB
[2025-07-10T08:11:22.391Z] [32minfo[39m: Loading the server
[2025-07-10T08:11:22.421Z] [32minfo[39m: Connected to MongoDB
[2025-07-10T08:11:34.602Z] [32minfo[39m: Loading the server
[2025-07-10T08:11:34.626Z] [32minfo[39m: Connected to MongoDB
[2025-07-10T08:11:50.803Z] [32minfo[39m: Loading the server
[2025-07-10T08:11:50.824Z] [32minfo[39m: Connected to MongoDB
[2025-07-10T08:12:03.051Z] [32minfo[39m: Loading the server
[2025-07-10T08:12:03.072Z] [32minfo[39m: Connected to MongoDB
[2025-07-10T08:12:12.713Z] [32minfo[39m: Loading the server
[2025-07-10T08:12:12.759Z] [32minfo[39m: Connected to MongoDB
[2025-07-10T08:15:23.963Z] [31merror[39m: Cannot set headers after they are sent to the client Cannot set headers after they are sent to the client
[2025-07-10T08:28:21.141Z] [32minfo[39m: Loading the server
[2025-07-10T08:28:21.169Z] [32minfo[39m: Connected to MongoDB
[2025-07-10T08:28:43.205Z] [32minfo[39m: Loading the server
[2025-07-10T08:28:43.228Z] [32minfo[39m: Connected to MongoDB
[2025-07-10T11:01:28.042Z] [32minfo[39m: Loading the server
[2025-07-10T11:01:28.082Z] [32minfo[39m: Connected to MongoDB
[2025-07-10T11:03:37.375Z] [32minfo[39m: Loading the server
[2025-07-10T11:03:37.406Z] [32minfo[39m: Connected to MongoDB
[2025-07-10T11:05:49.292Z] [32minfo[39m: Loading the server
[2025-07-10T11:05:49.328Z] [32minfo[39m: Connected to MongoDB
[2025-07-10T11:06:43.733Z] [32minfo[39m: Loading the server
[2025-07-10T11:06:43.765Z] [32minfo[39m: Connected to MongoDB
[2025-07-10T11:07:08.945Z] [32minfo[39m: Loading the server
[2025-07-10T11:07:08.969Z] [32minfo[39m: Connected to MongoDB
[2025-07-10T11:07:50.284Z] [32minfo[39m: Loading the server
[2025-07-10T11:07:50.314Z] [32minfo[39m: Connected to MongoDB
[2025-07-10T11:10:59.264Z] [32minfo[39m: Loading the server
[2025-07-10T11:10:59.293Z] [32minfo[39m: Connected to MongoDB
[2025-07-10T11:16:24.979Z] [32minfo[39m: Loading the server
[2025-07-10T11:16:25.009Z] [32minfo[39m: Connected to MongoDB
[2025-07-10T11:16:29.070Z] [32minfo[39m: Loading the server
[2025-07-10T11:16:29.104Z] [32minfo[39m: Connected to MongoDB
[2025-07-10T11:17:35.843Z] [32minfo[39m: Loading the server
[2025-07-10T11:17:35.879Z] [32minfo[39m: Connected to MongoDB
[2025-07-10T11:19:00.316Z] [32minfo[39m: Loading the server
[2025-07-10T11:19:00.344Z] [32minfo[39m: Connected to MongoDB
[2025-07-10T11:47:12.492Z] [32minfo[39m: Loading the server
[2025-07-10T11:47:12.600Z] [32minfo[39m: Connected to MongoDB
[2025-07-10T12:06:33.335Z] [32minfo[39m: Loading the server
[2025-07-10T12:06:33.375Z] [32minfo[39m: Connected to MongoDB
[2025-07-10T12:07:56.478Z] [32minfo[39m: Loading the server
[2025-07-10T12:07:56.505Z] [32minfo[39m: Connected to MongoDB
[2025-07-10T12:10:36.273Z] [32minfo[39m: Loading the server
[2025-07-10T12:10:36.312Z] [32minfo[39m: Connected to MongoDB
[2025-07-10T12:10:42.977Z] [32minfo[39m: Loading the server
[2025-07-10T12:10:43.009Z] [32minfo[39m: Connected to MongoDB
[2025-07-10T12:12:05.527Z] [32minfo[39m: Loading the server
[2025-07-10T12:12:05.551Z] [32minfo[39m: Connected to MongoDB
[2025-07-10T12:12:38.075Z] [32minfo[39m: Loading the server
[2025-07-10T12:12:38.122Z] [32minfo[39m: Connected to MongoDB
[2025-07-10T12:13:56.040Z] [32minfo[39m: Loading the server
[2025-07-10T12:13:56.066Z] [32minfo[39m: Connected to MongoDB
[2025-07-10T12:14:28.293Z] [32minfo[39m: Loading the server
[2025-07-10T12:14:28.321Z] [32minfo[39m: Connected to MongoDB
[2025-07-10T12:17:48.945Z] [31merror[39m: Invalid field "" passed to sort() Invalid field "" passed to sort()
[2025-07-10T12:20:22.944Z] [31merror[39m: Invalid field "" passed to sort() Invalid field "" passed to sort()
[2025-07-10T12:20:46.953Z] [31merror[39m: Invalid field "" passed to sort() Invalid field "" passed to sort()
[2025-07-10T12:23:17.815Z] [31merror[39m: Invalid field "" passed to sort() Invalid field "" passed to sort()
[2025-07-10T12:23:17.913Z] [31merror[39m: Invalid field "" passed to sort() Invalid field "" passed to sort()
[2025-07-10T12:23:17.919Z] [31merror[39m: Invalid field "" passed to sort() Invalid field "" passed to sort()
[2025-07-10T12:23:18.033Z] [31merror[39m: Invalid field "" passed to sort() Invalid field "" passed to sort()
[2025-07-10T12:23:41.638Z] [31merror[39m: Invalid field "" passed to sort() Invalid field "" passed to sort()
[2025-07-10T12:23:41.824Z] [31merror[39m: Invalid field "" passed to sort() Invalid field "" passed to sort()
[2025-07-10T12:23:41.837Z] [31merror[39m: Invalid field "" passed to sort() Invalid field "" passed to sort()
[2025-07-10T12:23:41.925Z] [31merror[39m: Invalid field "" passed to sort() Invalid field "" passed to sort()
[2025-07-10T12:25:24.595Z] [31merror[39m: Invalid field "" passed to sort() Invalid field "" passed to sort()
[2025-07-10T12:25:24.704Z] [31merror[39m: Invalid field "" passed to sort() Invalid field "" passed to sort()
[2025-07-10T12:25:24.709Z] [31merror[39m: Invalid field "" passed to sort() Invalid field "" passed to sort()
[2025-07-10T12:25:24.819Z] [31merror[39m: Invalid field "" passed to sort() Invalid field "" passed to sort()
[2025-07-10T12:26:06.743Z] [31merror[39m: Invalid field "" passed to sort() Invalid field "" passed to sort()
[2025-07-10T12:26:06.826Z] [31merror[39m: Invalid field "" passed to sort() Invalid field "" passed to sort()
[2025-07-10T12:26:06.830Z] [31merror[39m: Invalid field "" passed to sort() Invalid field "" passed to sort()
[2025-07-10T12:26:06.920Z] [31merror[39m: Invalid field "" passed to sort() Invalid field "" passed to sort()
[2025-07-10T12:26:08.540Z] [31merror[39m: Invalid field "" passed to sort() Invalid field "" passed to sort()
[2025-07-10T12:26:08.612Z] [31merror[39m: Invalid field "" passed to sort() Invalid field "" passed to sort()
[2025-07-10T12:26:08.618Z] [31merror[39m: Invalid field "" passed to sort() Invalid field "" passed to sort()
[2025-07-10T12:26:08.689Z] [31merror[39m: Invalid field "" passed to sort() Invalid field "" passed to sort()
[2025-07-10T12:26:29.991Z] [31merror[39m: Invalid field "" passed to sort() Invalid field "" passed to sort()
[2025-07-10T12:26:30.061Z] [31merror[39m: Invalid field "" passed to sort() Invalid field "" passed to sort()
[2025-07-10T12:26:30.069Z] [31merror[39m: Invalid field "" passed to sort() Invalid field "" passed to sort()
[2025-07-10T12:26:30.147Z] [31merror[39m: Invalid field "" passed to sort() Invalid field "" passed to sort()
[2025-07-10T12:26:49.097Z] [31merror[39m: Invalid field "" passed to sort() Invalid field "" passed to sort()
[2025-07-10T12:26:49.162Z] [31merror[39m: Invalid field "" passed to sort() Invalid field "" passed to sort()
[2025-07-10T12:26:49.168Z] [31merror[39m: Invalid field "" passed to sort() Invalid field "" passed to sort()
[2025-07-10T12:26:49.232Z] [31merror[39m: Invalid field "" passed to sort() Invalid field "" passed to sort()
[2025-07-10T12:27:17.099Z] [31merror[39m: Invalid field "" passed to sort() Invalid field "" passed to sort()
[2025-07-10T12:27:17.162Z] [31merror[39m: Invalid field "" passed to sort() Invalid field "" passed to sort()
[2025-07-10T12:27:17.166Z] [31merror[39m: Invalid field "" passed to sort() Invalid field "" passed to sort()
[2025-07-10T12:27:17.234Z] [31merror[39m: Invalid field "" passed to sort() Invalid field "" passed to sort()
[2025-07-10T12:27:47.708Z] [31merror[39m: Invalid field "" passed to sort() Invalid field "" passed to sort()
[2025-07-10T12:27:47.757Z] [31merror[39m: Invalid field "" passed to sort() Invalid field "" passed to sort()
[2025-07-10T12:27:47.762Z] [31merror[39m: Invalid field "" passed to sort() Invalid field "" passed to sort()
[2025-07-10T12:27:47.796Z] [31merror[39m: Invalid field "" passed to sort() Invalid field "" passed to sort()
[2025-07-10T12:27:48.184Z] [31merror[39m: Invalid field "" passed to sort() Invalid field "" passed to sort()
[2025-07-10T12:27:48.203Z] [31merror[39m: Invalid field "" passed to sort() Invalid field "" passed to sort()
[2025-07-10T12:27:48.206Z] [31merror[39m: Invalid field "" passed to sort() Invalid field "" passed to sort()
[2025-07-10T12:27:48.237Z] [31merror[39m: Invalid field "" passed to sort() Invalid field "" passed to sort()
[2025-07-10T12:27:48.240Z] [31merror[39m: Invalid field "" passed to sort() Invalid field "" passed to sort()
[2025-07-10T12:28:02.288Z] [31merror[39m: Invalid field "" passed to sort() Invalid field "" passed to sort()
[2025-07-10T12:28:02.322Z] [31merror[39m: Invalid field "" passed to sort() Invalid field "" passed to sort()
[2025-07-10T12:28:02.358Z] [31merror[39m: Invalid field "" passed to sort() Invalid field "" passed to sort()
[2025-07-10T12:28:02.369Z] [31merror[39m: Invalid field "" passed to sort() Invalid field "" passed to sort()
[2025-07-10T12:28:11.568Z] [31merror[39m: Invalid field "" passed to sort() Invalid field "" passed to sort()
[2025-07-10T12:28:11.650Z] [31merror[39m: Invalid field "" passed to sort() Invalid field "" passed to sort()
[2025-07-10T12:28:11.660Z] [31merror[39m: Invalid field "" passed to sort() Invalid field "" passed to sort()
[2025-07-10T12:28:11.737Z] [31merror[39m: Invalid field "" passed to sort() Invalid field "" passed to sort()
[2025-07-10T12:31:22.579Z] [31merror[39m: Invalid field "" passed to sort() Invalid field "" passed to sort()
[2025-07-10T12:31:22.673Z] [31merror[39m: Invalid field "" passed to sort() Invalid field "" passed to sort()
[2025-07-10T12:31:22.680Z] [31merror[39m: Invalid field "" passed to sort() Invalid field "" passed to sort()
[2025-07-10T12:31:22.762Z] [31merror[39m: Invalid field "" passed to sort() Invalid field "" passed to sort()
[2025-07-10T12:31:52.065Z] [31merror[39m: Invalid field "" passed to sort() Invalid field "" passed to sort()
[2025-07-10T12:31:52.152Z] [31merror[39m: Invalid field "" passed to sort() Invalid field "" passed to sort()
[2025-07-10T12:31:52.160Z] [31merror[39m: Invalid field "" passed to sort() Invalid field "" passed to sort()
[2025-07-10T12:31:52.238Z] [31merror[39m: Invalid field "" passed to sort() Invalid field "" passed to sort()
[2025-07-10T12:35:05.522Z] [31merror[39m: Invalid field "" passed to sort() Invalid field "" passed to sort()
[2025-07-10T12:35:05.570Z] [31merror[39m: Invalid field "" passed to sort() Invalid field "" passed to sort()
[2025-07-10T12:35:05.579Z] [31merror[39m: Invalid field "" passed to sort() Invalid field "" passed to sort()
[2025-07-10T12:35:05.662Z] [31merror[39m: Invalid field "" passed to sort() Invalid field "" passed to sort()
[2025-07-10T12:35:31.465Z] [31merror[39m: Invalid field "" passed to sort() Invalid field "" passed to sort()
[2025-07-10T12:35:31.520Z] [31merror[39m: Invalid field "" passed to sort() Invalid field "" passed to sort()
[2025-07-10T12:35:31.523Z] [31merror[39m: Invalid field "" passed to sort() Invalid field "" passed to sort()
[2025-07-10T12:35:31.575Z] [31merror[39m: Invalid field "" passed to sort() Invalid field "" passed to sort()
[2025-07-10T12:53:54.104Z] [31merror[39m: Invalid field "" passed to sort() Invalid field "" passed to sort()
[2025-07-10T12:54:00.255Z] [31merror[39m: Invalid field "" passed to sort() Invalid field "" passed to sort()
[2025-07-10T12:54:00.298Z] [31merror[39m: Invalid field "" passed to sort() Invalid field "" passed to sort()
[2025-07-10T12:54:00.302Z] [31merror[39m: Invalid field "" passed to sort() Invalid field "" passed to sort()
[2025-07-10T12:54:00.347Z] [31merror[39m: Invalid field "" passed to sort() Invalid field "" passed to sort()
[2025-07-10T13:06:23.813Z] [31merror[39m: Invalid field "" passed to sort() Invalid field "" passed to sort()
[2025-07-10T13:06:27.794Z] [31merror[39m: Invalid field "" passed to sort() Invalid field "" passed to sort()
[2025-07-10T13:09:36.719Z] [31merror[39m: Invalid field "" passed to sort() Invalid field "" passed to sort()
[2025-07-10T15:16:35.507Z] [31merror[39m: Invalid field "" passed to sort() Invalid field "" passed to sort()
[2025-07-10T15:16:48.136Z] [31merror[39m: Invalid field "" passed to sort() Invalid field "" passed to sort()
[2025-07-10T15:16:48.170Z] [31merror[39m: Invalid field "" passed to sort() Invalid field "" passed to sort()
[2025-07-10T15:16:48.174Z] [31merror[39m: Invalid field "" passed to sort() Invalid field "" passed to sort()
[2025-07-10T15:16:48.211Z] [31merror[39m: Invalid field "" passed to sort() Invalid field "" passed to sort()
[2025-07-10T15:24:08.529Z] [31merror[39m: Invalid field "" passed to sort() Invalid field "" passed to sort()
[2025-07-10T15:24:08.656Z] [31merror[39m: Invalid field "" passed to sort() Invalid field "" passed to sort()
[2025-07-10T15:24:08.660Z] [31merror[39m: Invalid field "" passed to sort() Invalid field "" passed to sort()
[2025-07-10T15:24:08.834Z] [31merror[39m: Invalid field "" passed to sort() Invalid field "" passed to sort()
[2025-07-10T15:24:20.662Z] [31merror[39m: Invalid field "" passed to sort() Invalid field "" passed to sort()
[2025-07-10T15:24:23.707Z] [31merror[39m: Invalid field "" passed to sort() Invalid field "" passed to sort()
[2025-07-10T15:24:27.861Z] [31merror[39m: Invalid field "" passed to sort() Invalid field "" passed to sort()
[2025-07-10T15:24:27.901Z] [31merror[39m: Invalid field "" passed to sort() Invalid field "" passed to sort()
[2025-07-10T15:24:27.904Z] [31merror[39m: Invalid field "" passed to sort() Invalid field "" passed to sort()
[2025-07-10T15:24:27.949Z] [31merror[39m: Invalid field "" passed to sort() Invalid field "" passed to sort()
[2025-07-10T15:25:02.631Z] [31merror[39m: Invalid field "" passed to sort() Invalid field "" passed to sort()
[2025-07-10T15:25:02.656Z] [31merror[39m: Invalid field "" passed to sort() Invalid field "" passed to sort()
[2025-07-10T15:25:02.703Z] [31merror[39m: Invalid field "" passed to sort() Invalid field "" passed to sort()
[2025-07-10T15:25:02.729Z] [31merror[39m: Invalid field "" passed to sort() Invalid field "" passed to sort()
[2025-07-10T15:26:43.661Z] [31merror[39m: Invalid field "" passed to sort() Invalid field "" passed to sort()
[2025-07-10T15:27:42.622Z] [31merror[39m: Invalid field "" passed to sort() Invalid field "" passed to sort()
[2025-07-10T15:28:11.721Z] [31merror[39m: Invalid field "" passed to sort() Invalid field "" passed to sort()
[2025-07-10T15:28:11.809Z] [31merror[39m: Invalid field "" passed to sort() Invalid field "" passed to sort()
[2025-07-10T15:28:11.815Z] [31merror[39m: Invalid field "" passed to sort() Invalid field "" passed to sort()
[2025-07-10T15:28:11.885Z] [31merror[39m: Invalid field "" passed to sort() Invalid field "" passed to sort()
[2025-07-10T15:28:11.891Z] [31merror[39m: Invalid field "" passed to sort() Invalid field "" passed to sort()
[2025-07-10T15:28:21.634Z] [31merror[39m: Invalid field "" passed to sort() Invalid field "" passed to sort()
[2025-07-10T15:28:44.632Z] [31merror[39m: Invalid field "" passed to sort() Invalid field "" passed to sort()
[2025-07-10T15:28:47.617Z] [31merror[39m: Invalid field "" passed to sort() Invalid field "" passed to sort()
[2025-07-10T15:29:10.547Z] [31merror[39m: Invalid field "" passed to sort() Invalid field "" passed to sort()
[2025-07-10T15:29:31.523Z] [31merror[39m: Invalid field "" passed to sort() Invalid field "" passed to sort()
[2025-07-10T15:29:37.824Z] [31merror[39m: Invalid field "" passed to sort() Invalid field "" passed to sort()
[2025-07-10T15:29:37.841Z] [31merror[39m: Invalid field "" passed to sort() Invalid field "" passed to sort()
[2025-07-10T15:29:37.845Z] [31merror[39m: Invalid field "" passed to sort() Invalid field "" passed to sort()
[2025-07-10T15:29:37.870Z] [31merror[39m: Invalid field "" passed to sort() Invalid field "" passed to sort()
[2025-07-10T15:38:08.743Z] [31merror[39m: Invalid field "" passed to sort() Invalid field "" passed to sort()
[2025-07-10T15:38:08.792Z] [31merror[39m: Invalid field "" passed to sort() Invalid field "" passed to sort()
[2025-07-10T15:38:08.795Z] [31merror[39m: Invalid field "" passed to sort() Invalid field "" passed to sort()
[2025-07-10T15:38:08.846Z] [31merror[39m: Invalid field "" passed to sort() Invalid field "" passed to sort()
[2025-07-10T15:38:13.288Z] [31merror[39m: Invalid field "" passed to sort() Invalid field "" passed to sort()
[2025-07-10T15:38:13.354Z] [31merror[39m: Invalid field "" passed to sort() Invalid field "" passed to sort()
[2025-07-10T15:38:17.112Z] [31merror[39m: Invalid field "" passed to sort() Invalid field "" passed to sort()
[2025-07-10T15:38:19.256Z] [31merror[39m: Invalid field "" passed to sort() Invalid field "" passed to sort()
[2025-07-10T15:38:23.137Z] [31merror[39m: Invalid field "" passed to sort() Invalid field "" passed to sort()
[2025-07-10T15:38:41.647Z] [31merror[39m: Invalid field "" passed to sort() Invalid field "" passed to sort()
[2025-07-10T15:38:43.395Z] [31merror[39m: Invalid field "" passed to sort() Invalid field "" passed to sort()
[2025-07-10T15:38:43.443Z] [31merror[39m: Invalid field "" passed to sort() Invalid field "" passed to sort()
[2025-07-10T15:38:43.448Z] [31merror[39m: Invalid field "" passed to sort() Invalid field "" passed to sort()
[2025-07-10T15:38:43.514Z] [31merror[39m: Invalid field "" passed to sort() Invalid field "" passed to sort()
[2025-07-10T15:39:17.633Z] [31merror[39m: Invalid field "" passed to sort() Invalid field "" passed to sort()
[2025-07-10T15:39:19.996Z] [31merror[39m: Invalid field "" passed to sort() Invalid field "" passed to sort()
[2025-07-10T15:39:20.018Z] [31merror[39m: Invalid field "" passed to sort() Invalid field "" passed to sort()
[2025-07-10T15:39:20.020Z] [31merror[39m: Invalid field "" passed to sort() Invalid field "" passed to sort()
[2025-07-10T15:39:20.047Z] [31merror[39m: Invalid field "" passed to sort() Invalid field "" passed to sort()
[2025-07-10T15:40:37.620Z] [31merror[39m: Invalid field "" passed to sort() Invalid field "" passed to sort()
[2025-07-10T15:41:10.667Z] [31merror[39m: Invalid field "" passed to sort() Invalid field "" passed to sort()
[2025-07-10T15:41:17.713Z] [31merror[39m: Invalid field "" passed to sort() Invalid field "" passed to sort()
[2025-07-10T15:41:17.767Z] [31merror[39m: Invalid field "" passed to sort() Invalid field "" passed to sort()
[2025-07-10T15:41:22.636Z] [31merror[39m: Invalid field "" passed to sort() Invalid field "" passed to sort()
[2025-07-10T15:41:49.625Z] [31merror[39m: Invalid field "" passed to sort() Invalid field "" passed to sort()
[2025-07-10T15:43:49.786Z] [32minfo[39m: Loading the server
[2025-07-10T15:43:49.822Z] [32minfo[39m: Connected to MongoDB
[2025-07-10T15:43:49.903Z] [31merror[39m: Invalid field "" passed to sort() Invalid field "" passed to sort()
[2025-07-10T15:43:55.253Z] [31merror[39m: Invalid field "" passed to sort() Invalid field "" passed to sort()
[2025-07-10T15:43:55.298Z] [31merror[39m: Invalid field "" passed to sort() Invalid field "" passed to sort()
[2025-07-10T15:43:55.303Z] [31merror[39m: Invalid field "" passed to sort() Invalid field "" passed to sort()
[2025-07-10T15:43:55.358Z] [31merror[39m: Invalid field "" passed to sort() Invalid field "" passed to sort()
[2025-07-10T15:44:52.189Z] [32minfo[39m: Loading the server
[2025-07-10T15:44:52.210Z] [32minfo[39m: Connected to MongoDB
[2025-07-10T15:44:52.291Z] [31merror[39m: Invalid field "" passed to sort() Invalid field "" passed to sort()
[2025-07-10T15:44:54.161Z] [31merror[39m: Invalid field "" passed to sort() Invalid field "" passed to sort()
[2025-07-10T15:44:54.233Z] [31merror[39m: Invalid field "" passed to sort() Invalid field "" passed to sort()
[2025-07-10T15:44:54.238Z] [31merror[39m: Invalid field "" passed to sort() Invalid field "" passed to sort()
[2025-07-10T15:44:54.285Z] [31merror[39m: Invalid field "" passed to sort() Invalid field "" passed to sort()
[2025-07-10T15:45:19.011Z] [32minfo[39m: Loading the server
[2025-07-10T15:45:19.042Z] [32minfo[39m: Connected to MongoDB
[2025-07-10T15:45:24.605Z] [32minfo[39m: Loading the server
[2025-07-10T15:45:24.636Z] [32minfo[39m: Connected to MongoDB
[2025-07-10T15:48:01.549Z] [32minfo[39m: Loading the server
[2025-07-10T15:48:01.575Z] [32minfo[39m: Connected to MongoDB
[2025-07-10T16:15:18.396Z] [32minfo[39m: Loading the server
[2025-07-10T16:15:18.433Z] [32minfo[39m: Connected to MongoDB
[2025-07-10T16:27:27.148Z] [32minfo[39m: Loading the server
[2025-07-10T16:27:27.175Z] [32minfo[39m: Connected to MongoDB
