[2025-07-07T16:15:37.091Z] [31merror[39m: uncaughtException: config is not defined
ReferenceError: config is not defined
    at file:///C:/Users/veerv/Desktop/Pheonix/Me/projects/Forumly-backend/index.js:15:1
    at ModuleJob.run (node:internal/modules/esm/module_job:271:25)
    at async onImport.tracePromise.__proto__ (node:internal/modules/esm/loader:578:26)
    at async asyncRunEntryPointWithESMLoader (node:internal/modules/run_main:116:5)
[2025-07-07T16:15:59.647Z] [31merror[39m: uncaughtException: Fatal Error
Error: Fatal Error
    at file:///C:/Users/veerv/Desktop/Pheonix/Me/projects/Forumly-backend/index.js:16:41
    at ModuleJob.run (node:internal/modules/esm/module_job:271:25)
    at async onImport.tracePromise.__proto__ (node:internal/modules/esm/loader:578:26)
    at async asyncRunEntryPointWithESMLoader (node:internal/modules/run_main:116:5)
[2025-07-08T06:16:21.920Z] [31merror[39m: uncaughtException: Cannot create property 'Symbol(level)' on string 'Loading the server'
TypeError: Cannot create property 'Symbol(level)' on string 'Loading the server'
    at DerivedLogger.log (C:\Users\veerv\Desktop\Pheonix\Me\projects\Forumly-backend\node_modules\winston\lib\winston\logger.js:214:20)
    at Server.<anonymous> (file:///C:/Users/veerv/Desktop/Pheonix/Me/projects/Forumly-backend/index.js:36:10)
    at Server.f (C:\Users\veerv\Desktop\Pheonix\Me\projects\Forumly-backend\node_modules\once\once.js:25:25)
    at Object.onceWrapper (node:events:632:28)
    at Server.emit (node:events:530:35)
    at emitListeningNT (node:net:1980:10)
    at process.processTicksAndRejections (node:internal/process/task_queues:89:21)
[2025-07-09T03:39:50.942Z] [31merror[39m: uncaughtException: Fatal Error
Error: Fatal Error
    at file:///C:/Users/veerv/Desktop/Pheonix/Me/projects/Forumly-backend/index.js:17:41
    at ModuleJob.run (node:internal/modules/esm/module_job:271:25)
    at async onImport.tracePromise.__proto__ (node:internal/modules/esm/loader:578:26)
    at async asyncRunEntryPointWithESMLoader (node:internal/modules/run_main:116:5)
[2025-07-09T03:40:27.924Z] [31merror[39m: uncaughtException: Fatal Error
Error: Fatal Error
    at file:///C:/Users/veerv/Desktop/Pheonix/Me/projects/Forumly-backend/index.js:17:41
    at ModuleJob.run (node:internal/modules/esm/module_job:271:25)
    at async onImport.tracePromise.__proto__ (node:internal/modules/esm/loader:578:26)
    at async asyncRunEntryPointWithESMLoader (node:internal/modules/run_main:116:5)
[2025-07-09T19:42:20.587Z] [31merror[39m: uncaughtException: auth is not defined
ReferenceError: auth is not defined
    at file:///C:/Users/veerv/Desktop/Pheonix/Me/projects/Forumly-backend/routes/replies.js:13:21
    at ModuleJob.run (node:internal/modules/esm/module_job:271:25)
    at async onImport.tracePromise.__proto__ (node:internal/modules/esm/loader:578:26)
    at async asyncRunEntryPointWithESMLoader (node:internal/modules/run_main:116:5)
